<?xml version="1.0" encoding="UTF-8"?>
<!-- Generated by org.testng.reporters.JUnitReportReporter -->
<testsuite hostname="HDCHCTDAM66268" name="Mine.XpathFinder" tests="1" failures="1" timestamp="26 Apr 2012 12:22:39 GMT" time="2.188" errors="0">
  <testcase name="TestMethod" time="2.188" classname="Mine.XpathFinder">
    <failure type="java.lang.ClassCastException" message="org.htmlparser.nodes.TextNode cannot be cast to org.htmlparser.Tag">
      <![CDATA[java.lang.ClassCastException: org.htmlparser.nodes.TextNode cannot be cast to org.htmlparser.Tag
	at Mine.XpathFinder$1.visitTag(XpathFinder.java:53)
	at org.htmlparser.nodes.TagNode.accept(TagNode.java:662)
	at org.htmlparser.tags.CompositeTag.accept(CompositeTag.java:478)
	at org.htmlparser.tags.CompositeTag.accept(CompositeTag.java:478)
	at org.htmlparser.tags.CompositeTag.accept(CompositeTag.java:478)
	at org.htmlparser.tags.CompositeTag.accept(CompositeTag.java:478)
	at org.htmlparser.tags.CompositeTag.accept(CompositeTag.java:478)
	at org.htmlparser.tags.CompositeTag.accept(CompositeTag.java:478)
	at org.htmlparser.tags.CompositeTag.accept(CompositeTag.java:478)
	at org.htmlparser.tags.CompositeTag.accept(CompositeTag.java:478)
	at org.htmlparser.tags.CompositeTag.accept(CompositeTag.java:478)
	at org.htmlparser.tags.CompositeTag.accept(CompositeTag.java:478)
	at org.htmlparser.tags.CompositeTag.accept(CompositeTag.java:478)
	at org.htmlparser.tags.CompositeTag.accept(CompositeTag.java:478)
	at org.htmlparser.Parser.visitAllNodesWith(Parser.java:727)
	at Mine.XpathFinder.TestMethod(XpathFinder.java:104)
	at sun.reflect.NativeMethodAccessorImpl.invoke0(Native Method)
	at sun.reflect.NativeMethodAccessorImpl.invoke(Unknown Source)
	at sun.reflect.DelegatingMethodAccessorImpl.invoke(Unknown Source)
	at java.lang.reflect.Method.invoke(Unknown Source)
	at org.testng.internal.MethodInvocationHelper.invokeMethod(MethodInvocationHelper.java:80)
	at org.testng.internal.Invoker.invokeMethod(Invoker.java:699)
	at org.testng.internal.Invoker.invokeTestMethod(Invoker.java:891)
	at org.testng.internal.Invoker.invokeTestMethods(Invoker.java:1215)
	at org.testng.internal.TestMethodWorker.invokeTestMethods(TestMethodWorker.java:127)
	at org.testng.internal.TestMethodWorker.run(TestMethodWorker.java:111)
	at org.testng.TestRunner.privateRun(TestRunner.java:758)
	at org.testng.TestRunner.run(TestRunner.java:613)
	at org.testng.SuiteRunner.runTest(SuiteRunner.java:334)
	at org.testng.SuiteRunner.runSequentially(SuiteRunner.java:329)
	at org.testng.SuiteRunner.privateRun(SuiteRunner.java:291)
	at org.testng.SuiteRunner.run(SuiteRunner.java:240)
	at org.testng.SuiteRunnerWorker.runSuite(SuiteRunnerWorker.java:53)
	at org.testng.SuiteRunnerWorker.run(SuiteRunnerWorker.java:87)
	at org.testng.TestNG.runSuitesSequentially(TestNG.java:1170)
	at org.testng.TestNG.runSuitesLocally(TestNG.java:1095)
	at org.testng.TestNG.run(TestNG.java:1007)
	at org.testng.remote.RemoteTestNG.run(RemoteTestNG.java:109)
	at org.testng.remote.RemoteTestNG.initAndRun(RemoteTestNG.java:202)
	at org.testng.remote.RemoteTestNG.main(RemoteTestNG.java:173)
]]>
    </failure>
  </testcase> <!-- TestMethod -->
</testsuite> <!-- Mine.XpathFinder -->
