<?xml version="1.0" encoding="UTF-8"?>
<!-- Generated by org.testng.reporters.JUnitReportReporter -->
<testsuite hostname="HDCHCTDAM66268" name="MineCopy.GettingInputTypeElements" tests="1" failures="0" timestamp="20 Apr 2012 09:43:21 GMT" time="1.952" errors="0">
  <testcase name="TestMethod" time="1.952" classname="MineCopy.GettingInputTypeElements"/>
</testsuite> <!-- MineCopy.GettingInputTypeElements -->
