<?xml version="1.0" encoding="UTF-8"?>
<!-- Generated by org.testng.reporters.JUnitReportReporter -->
<testsuite hostname="HDCHCTDAM66268" name="Mine.GettingInputTypeElements" tests="1" failures="0" timestamp="20 Apr 2012 06:02:12 GMT" time="2.651" errors="0">
  <testcase name="TestMethod" time="2.651" classname="Mine.GettingInputTypeElements"/>
</testsuite> <!-- Mine.GettingInputTypeElements -->
