<?xml version="1.0" encoding="UTF-8"?>
<!-- Generated by org.testng.reporters.JUnitReportReporter -->
<testsuite hostname="HDCHCTDAM66268" name="UsingHTMLParser.ParsingUsingHTMLParser_SimpleUsingConfigProperty" tests="1" failures="0" timestamp="24 Apr 2012 13:44:57 GMT" time="1.847" errors="0">
  <testcase name="TestMethod" time="1.847" classname="UsingHTMLParser.ParsingUsingHTMLParser_SimpleUsingConfigProperty"/>
</testsuite> <!-- UsingHTMLParser.ParsingUsingHTMLParser_SimpleUsingConfigProperty -->
