<?xml version="1.0" encoding="UTF-8"?>
<!-- Generated by org.testng.reporters.JUnitReportReporter -->
<testsuite hostname="HDCHCTDAM66268" name="AllElements" tests="1" failures="0" timestamp="19 Apr 2012 07:31:08 GMT" time="2.297" errors="0">
  <testcase name="TestMethod" time="2.297" classname="AllElements"/>
</testsuite> <!-- AllElements -->
