<?xml version="1.0" encoding="UTF-8"?>
<!-- Generated by org.testng.reporters.JUnitReportReporter -->
<testsuite hostname="HDCHCTDAM66268" name="TestInterNodeCommunication" tests="1" failures="0" timestamp="18 Apr 2012 08:43:25 GMT" time="1.912" errors="0">
  <testcase name="TestMethod" time="1.912" classname="TestInterNodeCommunication"/>
</testsuite> <!-- TestInterNodeCommunication -->
