<?xml version="1.0" encoding="UTF-8"?>
<!-- Generated by org.testng.reporters.JUnitReportReporter -->
<testsuite hostname="HDCHCTDAM66268" name="DoneAsJohnTold.ParsingUsingHTMLParser_Simple" tests="1" failures="0" timestamp="24 Apr 2012 06:36:22 GMT" time="2.025" errors="0">
  <testcase name="TestMethod" time="2.025" classname="DoneAsJohnTold.ParsingUsingHTMLParser_Simple"/>
</testsuite> <!-- DoneAsJohnTold.ParsingUsingHTMLParser_Simple -->
