<?xml version="1.0" encoding="UTF-8"?>
<!-- Generated by org.testng.reporters.JUnitReportReporter -->
<testsuite hostname="HDCHCTDAM66268" name="Mine.AllElements" tests="1" failures="0" timestamp="23 Apr 2012 12:47:30 GMT" time="2.096" errors="0">
  <testcase name="TestMethod" time="2.096" classname="Mine.AllElements"/>
</testsuite> <!-- Mine.AllElements -->
