<?xml version="1.0" encoding="UTF-8"?>
<!-- Generated by org.testng.reporters.JUnitReportReporter -->
<testsuite hostname="HDCHCTDAM66268" name="UsingHTMLParser.ParsingUsingHTMLParser_Simple" tests="1" failures="0" timestamp="24 Apr 2012 06:55:17 GMT" time="2.287" errors="0">
  <testcase name="TestMethod" time="2.287" classname="UsingHTMLParser.ParsingUsingHTMLParser_Simple"/>
</testsuite> <!-- UsingHTMLParser.ParsingUsingHTMLParser_Simple -->
