<?xml version="1.0" encoding="UTF-8"?>
<!-- Generated by org.testng.reporters.JUnitReportReporter -->
<testsuite hostname="HDCHCTDAM66268" name="GettingInputTypeElements" tests="1" failures="0" timestamp="18 Apr 2012 08:58:43 GMT" time="1.879" errors="0">
  <testcase name="TestMethod" time="1.879" classname="GettingInputTypeElements"/>
</testsuite> <!-- GettingInputTypeElements -->
