<?xml version="1.0" encoding="UTF-8"?>
<!-- Generated by org.testng.reporters.JUnitReportReporter -->
<testsuite hostname="HDCHCTDAM66268" name="Mine.Try" tests="1" failures="0" timestamp="23 Apr 2012 06:39:39 GMT" time="3.667" errors="0">
  <testcase name="TestMethod" time="3.667" classname="Mine.Try"/>
</testsuite> <!-- Mine.Try -->
