<?xml version="1.0" encoding="UTF-8"?>
<!-- Generated by org.testng.reporters.JUnitReportReporter -->
<testsuite hostname="NEW-PC" name="Mine.TestSele" tests="2" failures="0" timestamp="6 Mar 2014 16:08:57 GMT" time="14.557" errors="0">
  <testcase name="TestMethod2" time="7.434" classname="Mine.TestSele"/>
  <testcase name="TestMethod" time="7.123" classname="Mine.TestSele"/>
</testsuite> <!-- Mine.TestSele -->
